# This is the CMakeCache file.
# For build in directory: /content/Marabou/build
# It was generated by CMake: /usr/local/lib/python3.10/dist-packages/cmake/data/bin/cmake
# You can edit this file to change values found and used by cmake.
# If you do not want to change any of the values, simply exit the editor.
# If you do want to change a value, simply edit, save, and exit the editor.
# The syntax for the file is as follows:
# KEY:TYPE=VALUE
# KEY is the name of a variable in the cache.
# TYPE is a hint to GUIs for the type of VALUE, DO NOT EDIT TYPE!.
# VALUE is the current value for the KEY.

########################
# EXTERNAL cache entries
########################

//Build Python
BUILD_PYTHON:BOOL=ON

//Build static Marabou binary
BUILD_STATIC_MARABOU:BOOL=OFF

//Boost atomic library (debug)
Boost_ATOMIC_LIBRARY_DEBUG:FILEPATH=/usr/lib/x86_64-linux-gnu/libboost_atomic.so

//Boost atomic library (release)
Boost_ATOMIC_LIBRARY_RELEASE:FILEPATH=/usr/lib/x86_64-linux-gnu/libboost_atomic.so

//Boost chrono library (debug)
Boost_CHRONO_LIBRARY_DEBUG:FILEPATH=/usr/lib/x86_64-linux-gnu/libboost_chrono.so

//Boost chrono library (release)
Boost_CHRONO_LIBRARY_RELEASE:FILEPATH=/usr/lib/x86_64-linux-gnu/libboost_chrono.so

//Boost date_time library (debug)
Boost_DATE_TIME_LIBRARY_DEBUG:FILEPATH=/usr/lib/x86_64-linux-gnu/libboost_date_time.so

//Boost date_time library (release)
Boost_DATE_TIME_LIBRARY_RELEASE:FILEPATH=/usr/lib/x86_64-linux-gnu/libboost_date_time.so

//The directory containing a CMake configuration file for Boost.
Boost_DIR:PATH=/content/Marabou/tools/boost-1.84.0/installed/lib/cmake/Boost-1.84.0

//Path to a file.
Boost_INCLUDE_DIR:PATH=/usr/include

//Boost library directory DEBUG
Boost_LIBRARY_DIR_DEBUG:PATH=/usr/lib/x86_64-linux-gnu

//Boost library directory RELEASE
Boost_LIBRARY_DIR_RELEASE:PATH=/usr/lib/x86_64-linux-gnu

//Boost program_options library (debug)
Boost_PROGRAM_OPTIONS_LIBRARY_DEBUG:FILEPATH=/usr/lib/x86_64-linux-gnu/libboost_program_options.so

//Boost program_options library (release)
Boost_PROGRAM_OPTIONS_LIBRARY_RELEASE:FILEPATH=/usr/lib/x86_64-linux-gnu/libboost_program_options.so

//Boost thread library (debug)
Boost_THREAD_LIBRARY_DEBUG:FILEPATH=/usr/lib/x86_64-linux-gnu/libboost_thread.so

//Boost thread library (release)
Boost_THREAD_LIBRARY_RELEASE:FILEPATH=/usr/lib/x86_64-linux-gnu/libboost_thread.so

//Boost timer library (debug)
Boost_TIMER_LIBRARY_DEBUG:FILEPATH=/usr/lib/x86_64-linux-gnu/libboost_timer.so

//Boost timer library (release)
Boost_TIMER_LIBRARY_RELEASE:FILEPATH=/usr/lib/x86_64-linux-gnu/libboost_timer.so

//Path to a program.
CMAKE_ADDR2LINE:FILEPATH=/usr/bin/addr2line

//Path to a program.
CMAKE_AR:FILEPATH=/usr/bin/ar

//Options are: Release Debug MinSizeRel RelWithDebInfo
CMAKE_BUILD_TYPE:STRING=Release

//Enable/Disable color output during build.
CMAKE_COLOR_MAKEFILE:BOOL=ON

//CXX compiler
CMAKE_CXX_COMPILER:FILEPATH=/usr/bin/c++

//A wrapper around 'ar' adding the appropriate '--plugin' option
// for the GCC compiler
CMAKE_CXX_COMPILER_AR:FILEPATH=/usr/bin/gcc-ar-11

//A wrapper around 'ranlib' adding the appropriate '--plugin' option
// for the GCC compiler
CMAKE_CXX_COMPILER_RANLIB:FILEPATH=/usr/bin/gcc-ranlib-11

//Flags used by the CXX compiler during all build types.
CMAKE_CXX_FLAGS:STRING=

//Flags used by the CXX compiler during DEBUG builds.
CMAKE_CXX_FLAGS_DEBUG:STRING=-g

//Flags used by the CXX compiler during MINSIZEREL builds.
CMAKE_CXX_FLAGS_MINSIZEREL:STRING=-Os -DNDEBUG

//Flags used by the CXX compiler during RELEASE builds.
CMAKE_CXX_FLAGS_RELEASE:STRING=-O3 -DNDEBUG

//Flags used by the CXX compiler during RELWITHDEBINFO builds.
CMAKE_CXX_FLAGS_RELWITHDEBINFO:STRING=-O2 -g -DNDEBUG

//C compiler
CMAKE_C_COMPILER:FILEPATH=/usr/bin/cc

//A wrapper around 'ar' adding the appropriate '--plugin' option
// for the GCC compiler
CMAKE_C_COMPILER_AR:FILEPATH=/usr/bin/gcc-ar-11

//A wrapper around 'ranlib' adding the appropriate '--plugin' option
// for the GCC compiler
CMAKE_C_COMPILER_RANLIB:FILEPATH=/usr/bin/gcc-ranlib-11

//Flags used by the C compiler during all build types.
CMAKE_C_FLAGS:STRING=

//Flags used by the C compiler during DEBUG builds.
CMAKE_C_FLAGS_DEBUG:STRING=-g

//Flags used by the C compiler during MINSIZEREL builds.
CMAKE_C_FLAGS_MINSIZEREL:STRING=-Os -DNDEBUG

//Flags used by the C compiler during RELEASE builds.
CMAKE_C_FLAGS_RELEASE:STRING=-O3 -DNDEBUG

//Flags used by the C compiler during RELWITHDEBINFO builds.
CMAKE_C_FLAGS_RELWITHDEBINFO:STRING=-O2 -g -DNDEBUG

//Path to a program.
CMAKE_DLLTOOL:FILEPATH=CMAKE_DLLTOOL-NOTFOUND

//Flags used by the linker during all build types.
CMAKE_EXE_LINKER_FLAGS:STRING=

//Flags used by the linker during DEBUG builds.
CMAKE_EXE_LINKER_FLAGS_DEBUG:STRING=

//Flags used by the linker during MINSIZEREL builds.
CMAKE_EXE_LINKER_FLAGS_MINSIZEREL:STRING=

//Flags used by the linker during RELEASE builds.
CMAKE_EXE_LINKER_FLAGS_RELEASE:STRING=

//Flags used by the linker during RELWITHDEBINFO builds.
CMAKE_EXE_LINKER_FLAGS_RELWITHDEBINFO:STRING=

//Enable/Disable output of compile commands during generation.
CMAKE_EXPORT_COMPILE_COMMANDS:BOOL=

//Value Computed by CMake.
CMAKE_FIND_PACKAGE_REDIRECTS_DIR:STATIC=/content/Marabou/build/CMakeFiles/pkgRedirects

//User executables (bin)
CMAKE_INSTALL_BINDIR:PATH=bin

//Read-only architecture-independent data (DATAROOTDIR)
CMAKE_INSTALL_DATADIR:PATH=

//Read-only architecture-independent data root (share)
CMAKE_INSTALL_DATAROOTDIR:PATH=share

//Documentation root (DATAROOTDIR/doc/PROJECT_NAME)
CMAKE_INSTALL_DOCDIR:PATH=

//C header files (include)
CMAKE_INSTALL_INCLUDEDIR:PATH=include

//Info documentation (DATAROOTDIR/info)
CMAKE_INSTALL_INFODIR:PATH=

//Object code libraries (lib)
CMAKE_INSTALL_LIBDIR:PATH=lib

//Program executables (libexec)
CMAKE_INSTALL_LIBEXECDIR:PATH=libexec

//Locale-dependent data (DATAROOTDIR/locale)
CMAKE_INSTALL_LOCALEDIR:PATH=

//Modifiable single-machine data (var)
CMAKE_INSTALL_LOCALSTATEDIR:PATH=var

//Man documentation (DATAROOTDIR/man)
CMAKE_INSTALL_MANDIR:PATH=

//C header files for non-gcc (/usr/include)
CMAKE_INSTALL_OLDINCLUDEDIR:PATH=/usr/include

//Install path prefix, prepended onto install directories.
CMAKE_INSTALL_PREFIX:PATH=/usr/local

//Run-time variable data (LOCALSTATEDIR/run)
CMAKE_INSTALL_RUNSTATEDIR:PATH=

//System admin executables (sbin)
CMAKE_INSTALL_SBINDIR:PATH=sbin

//Modifiable architecture-independent data (com)
CMAKE_INSTALL_SHAREDSTATEDIR:PATH=com

//Read-only single-machine data (etc)
CMAKE_INSTALL_SYSCONFDIR:PATH=etc

//Path to a program.
CMAKE_LINKER:FILEPATH=/usr/bin/ld

//Path to a program.
CMAKE_MAKE_PROGRAM:FILEPATH=/usr/bin/gmake

//Flags used by the linker during the creation of modules during
// all build types.
CMAKE_MODULE_LINKER_FLAGS:STRING=

//Flags used by the linker during the creation of modules during
// DEBUG builds.
CMAKE_MODULE_LINKER_FLAGS_DEBUG:STRING=

//Flags used by the linker during the creation of modules during
// MINSIZEREL builds.
CMAKE_MODULE_LINKER_FLAGS_MINSIZEREL:STRING=

//Flags used by the linker during the creation of modules during
// RELEASE builds.
CMAKE_MODULE_LINKER_FLAGS_RELEASE:STRING=

//Flags used by the linker during the creation of modules during
// RELWITHDEBINFO builds.
CMAKE_MODULE_LINKER_FLAGS_RELWITHDEBINFO:STRING=

//Path to a program.
CMAKE_NM:FILEPATH=/usr/bin/nm

//Path to a program.
CMAKE_OBJCOPY:FILEPATH=/usr/bin/objcopy

//Path to a program.
CMAKE_OBJDUMP:FILEPATH=/usr/bin/objdump

//Value Computed by CMake
CMAKE_PROJECT_DESCRIPTION:STATIC=

//Value Computed by CMake
CMAKE_PROJECT_HOMEPAGE_URL:STATIC=

//Value Computed by CMake
CMAKE_PROJECT_NAME:STATIC=Marabou

//Value Computed by CMake
CMAKE_PROJECT_VERSION:STATIC=2.10.4

//Value Computed by CMake
CMAKE_PROJECT_VERSION_MAJOR:STATIC=2

//Value Computed by CMake
CMAKE_PROJECT_VERSION_MINOR:STATIC=10

//Value Computed by CMake
CMAKE_PROJECT_VERSION_PATCH:STATIC=4

//Value Computed by CMake
CMAKE_PROJECT_VERSION_TWEAK:STATIC=

//Path to a program.
CMAKE_RANLIB:FILEPATH=/usr/bin/ranlib

//Path to a program.
CMAKE_READELF:FILEPATH=/usr/bin/readelf

//Flags used by the linker during the creation of shared libraries
// during all build types.
CMAKE_SHARED_LINKER_FLAGS:STRING=

//Flags used by the linker during the creation of shared libraries
// during DEBUG builds.
CMAKE_SHARED_LINKER_FLAGS_DEBUG:STRING=

//Flags used by the linker during the creation of shared libraries
// during MINSIZEREL builds.
CMAKE_SHARED_LINKER_FLAGS_MINSIZEREL:STRING=

//Flags used by the linker during the creation of shared libraries
// during RELEASE builds.
CMAKE_SHARED_LINKER_FLAGS_RELEASE:STRING=

//Flags used by the linker during the creation of shared libraries
// during RELWITHDEBINFO builds.
CMAKE_SHARED_LINKER_FLAGS_RELWITHDEBINFO:STRING=

//If set, runtime paths are not added when installing shared libraries,
// but are added when building.
CMAKE_SKIP_INSTALL_RPATH:BOOL=NO

//If set, runtime paths are not added when using shared libraries.
CMAKE_SKIP_RPATH:BOOL=NO

//Flags used by the linker during the creation of static libraries
// during all build types.
CMAKE_STATIC_LINKER_FLAGS:STRING=

//Flags used by the linker during the creation of static libraries
// during DEBUG builds.
CMAKE_STATIC_LINKER_FLAGS_DEBUG:STRING=

//Flags used by the linker during the creation of static libraries
// during MINSIZEREL builds.
CMAKE_STATIC_LINKER_FLAGS_MINSIZEREL:STRING=

//Flags used by the linker during the creation of static libraries
// during RELEASE builds.
CMAKE_STATIC_LINKER_FLAGS_RELEASE:STRING=

//Flags used by the linker during the creation of static libraries
// during RELWITHDEBINFO builds.
CMAKE_STATIC_LINKER_FLAGS_RELWITHDEBINFO:STRING=

//Path to a program.
CMAKE_STRIP:FILEPATH=/usr/bin/strip

//Path to a program.
CMAKE_TAPI:FILEPATH=CMAKE_TAPI-NOTFOUND

//If this value is on, makefiles will be generated without the
// .SILENT directive, and all commands will be echoed to the console
// during the make.  This is useful for debugging only. With Visual
// Studio IDE projects all commands are done without /nologo.
CMAKE_VERBOSE_MAKEFILE:BOOL=FALSE

//Add code coverage
CODE_COVERAGE:BOOL=OFF

//Path to a file.
CXXTEST_INCLUDE_DIR:PATH=/content/Marabou/tools/cxxtest

//Path to a program.
CXXTEST_PERL_TESTGEN_EXECUTABLE:FILEPATH=/content/Marabou/tools/cxxtest/cxxtestgen.pl

//Path to a program.
CXXTEST_PYTHON_TESTGEN_EXECUTABLE:FILEPATH=/content/Marabou/tools/cxxtest/cxxtestgen.py

//Default Python version 2/3
DEFAULT_PYTHON_VERSION:STRING=3

//Enable use the Gurobi optimizer
ENABLE_GUROBI:BOOL=OFF

//Do symbolic bound tighting using blas
ENABLE_OPENBLAS:BOOL=ON

//Build Python even if there is only 32-bit Python
FORCE_PYTHON_BUILD:BOOL=OFF

//Value Computed by CMake
Marabou_BINARY_DIR:STATIC=/content/Marabou/build

//Value Computed by CMake
Marabou_IS_TOP_LEVEL:STATIC=ON

//Value Computed by CMake
Marabou_SOURCE_DIR:STATIC=/content/Marabou

//Path to a program.
PERL_EXECUTABLE:FILEPATH=/usr/bin/perl

//Force new FindPython
PYBIND11_FINDPYTHON:BOOL=OFF

//Install pybind11 header files?
PYBIND11_INSTALL:BOOL=OFF

//Override the ABI version, may be used to enable the unstable
// ABI.
PYBIND11_INTERNALS_VERSION:STRING=

//Disable search for Python
PYBIND11_NOPYTHON:BOOL=OFF

//Overwrite cached values read from Python library (classic search).
// Turn off if cross-compiling and manually setting these values.
PYBIND11_PYTHONLIBS_OVERWRITE:BOOL=ON

//Python version to use for compiling modules
PYBIND11_PYTHON_VERSION:STRING=

//Use simpler GIL management logic that does not support disassociation
PYBIND11_SIMPLE_GIL_MANAGEMENT:BOOL=OFF

//Build pybind11 test suite?
PYBIND11_TEST:BOOL=OFF

//Path to a program.
PYTHON_EXECUTABLE:FILEPATH=/usr/bin/python3

//Path to a library.
PYTHON_LIBRARY:FILEPATH=/usr/lib/x86_64-linux-gnu/libpython3.10.so

//Path to a program.
ProcessorCount_cmd_nproc:FILEPATH=/usr/bin/nproc

//Path to a program.
ProcessorCount_cmd_sysctl:FILEPATH=/usr/sbin/sysctl

//Run cxxtest testing with ASAN ON
RUN_MEMORY_TEST:BOOL=ON

//Run Python API tests if building with Python
RUN_PYTHON_TEST:BOOL=OFF

//Run regression tests on build
RUN_REGRESS_TEST:BOOL=OFF

//Run system tests on build
RUN_SYSTEM_TEST:BOOL=OFF

//Run unit tests on build
RUN_UNIT_TEST:BOOL=ON

//The directory containing a CMake configuration file for boost_chrono.
boost_chrono_DIR:PATH=/content/Marabou/tools/boost-1.84.0/installed/lib/cmake/boost_chrono-1.84.0

//The directory containing a CMake configuration file for boost_headers.
boost_headers_DIR:PATH=/content/Marabou/tools/boost-1.84.0/installed/lib/cmake/boost_headers-1.84.0

//The directory containing a CMake configuration file for boost_program_options.
boost_program_options_DIR:PATH=/content/Marabou/tools/boost-1.84.0/installed/lib/cmake/boost_program_options-1.84.0

//The directory containing a CMake configuration file for boost_thread.
boost_thread_DIR:PATH=/content/Marabou/tools/boost-1.84.0/installed/lib/cmake/boost_thread-1.84.0

//The directory containing a CMake configuration file for boost_timer.
boost_timer_DIR:PATH=/content/Marabou/tools/boost-1.84.0/installed/lib/cmake/boost_timer-1.84.0

//Value Computed by CMake
pybind11_BINARY_DIR:STATIC=/content/Marabou/build/tools/pybind11-2.10.4

//Value Computed by CMake
pybind11_IS_TOP_LEVEL:STATIC=OFF

//Value Computed by CMake
pybind11_SOURCE_DIR:STATIC=/content/Marabou/tools/pybind11-2.10.4


########################
# INTERNAL cache entries
########################

//ADVANCED property for variable: Boost_ATOMIC_LIBRARY_DEBUG
Boost_ATOMIC_LIBRARY_DEBUG-ADVANCED:INTERNAL=1
//ADVANCED property for variable: Boost_ATOMIC_LIBRARY_RELEASE
Boost_ATOMIC_LIBRARY_RELEASE-ADVANCED:INTERNAL=1
//ADVANCED property for variable: Boost_CHRONO_LIBRARY_DEBUG
Boost_CHRONO_LIBRARY_DEBUG-ADVANCED:INTERNAL=1
//ADVANCED property for variable: Boost_CHRONO_LIBRARY_RELEASE
Boost_CHRONO_LIBRARY_RELEASE-ADVANCED:INTERNAL=1
//ADVANCED property for variable: Boost_DATE_TIME_LIBRARY_DEBUG
Boost_DATE_TIME_LIBRARY_DEBUG-ADVANCED:INTERNAL=1
//ADVANCED property for variable: Boost_DATE_TIME_LIBRARY_RELEASE
Boost_DATE_TIME_LIBRARY_RELEASE-ADVANCED:INTERNAL=1
//ADVANCED property for variable: Boost_DIR
Boost_DIR-ADVANCED:INTERNAL=1
//ADVANCED property for variable: Boost_INCLUDE_DIR
Boost_INCLUDE_DIR-ADVANCED:INTERNAL=1
//ADVANCED property for variable: Boost_LIBRARY_DIR_DEBUG
Boost_LIBRARY_DIR_DEBUG-ADVANCED:INTERNAL=1
//ADVANCED property for variable: Boost_LIBRARY_DIR_RELEASE
Boost_LIBRARY_DIR_RELEASE-ADVANCED:INTERNAL=1
//ADVANCED property for variable: Boost_PROGRAM_OPTIONS_LIBRARY_DEBUG
Boost_PROGRAM_OPTIONS_LIBRARY_DEBUG-ADVANCED:INTERNAL=1
//ADVANCED property for variable: Boost_PROGRAM_OPTIONS_LIBRARY_RELEASE
Boost_PROGRAM_OPTIONS_LIBRARY_RELEASE-ADVANCED:INTERNAL=1
//ADVANCED property for variable: Boost_THREAD_LIBRARY_DEBUG
Boost_THREAD_LIBRARY_DEBUG-ADVANCED:INTERNAL=1
//ADVANCED property for variable: Boost_THREAD_LIBRARY_RELEASE
Boost_THREAD_LIBRARY_RELEASE-ADVANCED:INTERNAL=1
//ADVANCED property for variable: Boost_TIMER_LIBRARY_DEBUG
Boost_TIMER_LIBRARY_DEBUG-ADVANCED:INTERNAL=1
//ADVANCED property for variable: Boost_TIMER_LIBRARY_RELEASE
Boost_TIMER_LIBRARY_RELEASE-ADVANCED:INTERNAL=1
//ADVANCED property for variable: CMAKE_ADDR2LINE
CMAKE_ADDR2LINE-ADVANCED:INTERNAL=1
//ADVANCED property for variable: CMAKE_AR
CMAKE_AR-ADVANCED:INTERNAL=1
//STRINGS property for variable: CMAKE_BUILD_TYPE
CMAKE_BUILD_TYPE-STRINGS:INTERNAL=Release;Debug;MinSizeRel;RelWithDebInfo
//This is the directory where this CMakeCache.txt was created
CMAKE_CACHEFILE_DIR:INTERNAL=/content/Marabou/build
//Major version of cmake used to create the current loaded cache
CMAKE_CACHE_MAJOR_VERSION:INTERNAL=3
//Minor version of cmake used to create the current loaded cache
CMAKE_CACHE_MINOR_VERSION:INTERNAL=30
//Patch version of cmake used to create the current loaded cache
CMAKE_CACHE_PATCH_VERSION:INTERNAL=5
//ADVANCED property for variable: CMAKE_COLOR_MAKEFILE
CMAKE_COLOR_MAKEFILE-ADVANCED:INTERNAL=1
//Path to CMake executable.
CMAKE_COMMAND:INTERNAL=/usr/local/lib/python3.10/dist-packages/cmake/data/bin/cmake
//Path to cpack program executable.
CMAKE_CPACK_COMMAND:INTERNAL=/usr/local/lib/python3.10/dist-packages/cmake/data/bin/cpack
//Path to ctest program executable.
CMAKE_CTEST_COMMAND:INTERNAL=/usr/local/lib/python3.10/dist-packages/cmake/data/bin/ctest
//ADVANCED property for variable: CMAKE_CXX_COMPILER
CMAKE_CXX_COMPILER-ADVANCED:INTERNAL=1
//ADVANCED property for variable: CMAKE_CXX_COMPILER_AR
CMAKE_CXX_COMPILER_AR-ADVANCED:INTERNAL=1
//ADVANCED property for variable: CMAKE_CXX_COMPILER_RANLIB
CMAKE_CXX_COMPILER_RANLIB-ADVANCED:INTERNAL=1
//ADVANCED property for variable: CMAKE_CXX_FLAGS
CMAKE_CXX_FLAGS-ADVANCED:INTERNAL=1
//ADVANCED property for variable: CMAKE_CXX_FLAGS_DEBUG
CMAKE_CXX_FLAGS_DEBUG-ADVANCED:INTERNAL=1
//ADVANCED property for variable: CMAKE_CXX_FLAGS_MINSIZEREL
CMAKE_CXX_FLAGS_MINSIZEREL-ADVANCED:INTERNAL=1
//ADVANCED property for variable: CMAKE_CXX_FLAGS_RELEASE
CMAKE_CXX_FLAGS_RELEASE-ADVANCED:INTERNAL=1
//ADVANCED property for variable: CMAKE_CXX_FLAGS_RELWITHDEBINFO
CMAKE_CXX_FLAGS_RELWITHDEBINFO-ADVANCED:INTERNAL=1
//ADVANCED property for variable: CMAKE_C_COMPILER
CMAKE_C_COMPILER-ADVANCED:INTERNAL=1
//ADVANCED property for variable: CMAKE_C_COMPILER_AR
CMAKE_C_COMPILER_AR-ADVANCED:INTERNAL=1
//ADVANCED property for variable: CMAKE_C_COMPILER_RANLIB
CMAKE_C_COMPILER_RANLIB-ADVANCED:INTERNAL=1
//ADVANCED property for variable: CMAKE_C_FLAGS
CMAKE_C_FLAGS-ADVANCED:INTERNAL=1
//ADVANCED property for variable: CMAKE_C_FLAGS_DEBUG
CMAKE_C_FLAGS_DEBUG-ADVANCED:INTERNAL=1
//ADVANCED property for variable: CMAKE_C_FLAGS_MINSIZEREL
CMAKE_C_FLAGS_MINSIZEREL-ADVANCED:INTERNAL=1
//ADVANCED property for variable: CMAKE_C_FLAGS_RELEASE
CMAKE_C_FLAGS_RELEASE-ADVANCED:INTERNAL=1
//ADVANCED property for variable: CMAKE_C_FLAGS_RELWITHDEBINFO
CMAKE_C_FLAGS_RELWITHDEBINFO-ADVANCED:INTERNAL=1
//ADVANCED property for variable: CMAKE_DLLTOOL
CMAKE_DLLTOOL-ADVANCED:INTERNAL=1
//Executable file format
CMAKE_EXECUTABLE_FORMAT:INTERNAL=ELF
//ADVANCED property for variable: CMAKE_EXE_LINKER_FLAGS
CMAKE_EXE_LINKER_FLAGS-ADVANCED:INTERNAL=1
//ADVANCED property for variable: CMAKE_EXE_LINKER_FLAGS_DEBUG
CMAKE_EXE_LINKER_FLAGS_DEBUG-ADVANCED:INTERNAL=1
//ADVANCED property for variable: CMAKE_EXE_LINKER_FLAGS_MINSIZEREL
CMAKE_EXE_LINKER_FLAGS_MINSIZEREL-ADVANCED:INTERNAL=1
//ADVANCED property for variable: CMAKE_EXE_LINKER_FLAGS_RELEASE
CMAKE_EXE_LINKER_FLAGS_RELEASE-ADVANCED:INTERNAL=1
//ADVANCED property for variable: CMAKE_EXE_LINKER_FLAGS_RELWITHDEBINFO
CMAKE_EXE_LINKER_FLAGS_RELWITHDEBINFO-ADVANCED:INTERNAL=1
//ADVANCED property for variable: CMAKE_EXPORT_COMPILE_COMMANDS
CMAKE_EXPORT_COMPILE_COMMANDS-ADVANCED:INTERNAL=1
//Name of external makefile project generator.
CMAKE_EXTRA_GENERATOR:INTERNAL=
//Name of generator.
CMAKE_GENERATOR:INTERNAL=Unix Makefiles
//Generator instance identifier.
CMAKE_GENERATOR_INSTANCE:INTERNAL=
//Name of generator platform.
CMAKE_GENERATOR_PLATFORM:INTERNAL=
//Name of generator toolset.
CMAKE_GENERATOR_TOOLSET:INTERNAL=
//Test CMAKE_HAVE_LIBC_PTHREAD
CMAKE_HAVE_LIBC_PTHREAD:INTERNAL=1
//Source directory with the top level CMakeLists.txt file for this
// project
CMAKE_HOME_DIRECTORY:INTERNAL=/content/Marabou
//ADVANCED property for variable: CMAKE_INSTALL_BINDIR
CMAKE_INSTALL_BINDIR-ADVANCED:INTERNAL=1
//ADVANCED property for variable: CMAKE_INSTALL_DATADIR
CMAKE_INSTALL_DATADIR-ADVANCED:INTERNAL=1
//ADVANCED property for variable: CMAKE_INSTALL_DATAROOTDIR
CMAKE_INSTALL_DATAROOTDIR-ADVANCED:INTERNAL=1
//ADVANCED property for variable: CMAKE_INSTALL_DOCDIR
CMAKE_INSTALL_DOCDIR-ADVANCED:INTERNAL=1
//ADVANCED property for variable: CMAKE_INSTALL_INCLUDEDIR
CMAKE_INSTALL_INCLUDEDIR-ADVANCED:INTERNAL=1
//ADVANCED property for variable: CMAKE_INSTALL_INFODIR
CMAKE_INSTALL_INFODIR-ADVANCED:INTERNAL=1
//ADVANCED property for variable: CMAKE_INSTALL_LIBDIR
CMAKE_INSTALL_LIBDIR-ADVANCED:INTERNAL=1
//ADVANCED property for variable: CMAKE_INSTALL_LIBEXECDIR
CMAKE_INSTALL_LIBEXECDIR-ADVANCED:INTERNAL=1
//ADVANCED property for variable: CMAKE_INSTALL_LOCALEDIR
CMAKE_INSTALL_LOCALEDIR-ADVANCED:INTERNAL=1
//ADVANCED property for variable: CMAKE_INSTALL_LOCALSTATEDIR
CMAKE_INSTALL_LOCALSTATEDIR-ADVANCED:INTERNAL=1
//ADVANCED property for variable: CMAKE_INSTALL_MANDIR
CMAKE_INSTALL_MANDIR-ADVANCED:INTERNAL=1
//ADVANCED property for variable: CMAKE_INSTALL_OLDINCLUDEDIR
CMAKE_INSTALL_OLDINCLUDEDIR-ADVANCED:INTERNAL=1
//ADVANCED property for variable: CMAKE_INSTALL_RUNSTATEDIR
CMAKE_INSTALL_RUNSTATEDIR-ADVANCED:INTERNAL=1
//ADVANCED property for variable: CMAKE_INSTALL_SBINDIR
CMAKE_INSTALL_SBINDIR-ADVANCED:INTERNAL=1
//ADVANCED property for variable: CMAKE_INSTALL_SHAREDSTATEDIR
CMAKE_INSTALL_SHAREDSTATEDIR-ADVANCED:INTERNAL=1
//Install .so files without execute permission.
CMAKE_INSTALL_SO_NO_EXE:INTERNAL=1
//ADVANCED property for variable: CMAKE_INSTALL_SYSCONFDIR
CMAKE_INSTALL_SYSCONFDIR-ADVANCED:INTERNAL=1
//ADVANCED property for variable: CMAKE_LINKER
CMAKE_LINKER-ADVANCED:INTERNAL=1
//ADVANCED property for variable: CMAKE_MAKE_PROGRAM
CMAKE_MAKE_PROGRAM-ADVANCED:INTERNAL=1
//ADVANCED property for variable: CMAKE_MODULE_LINKER_FLAGS
CMAKE_MODULE_LINKER_FLAGS-ADVANCED:INTERNAL=1
//ADVANCED property for variable: CMAKE_MODULE_LINKER_FLAGS_DEBUG
CMAKE_MODULE_LINKER_FLAGS_DEBUG-ADVANCED:INTERNAL=1
//ADVANCED property for variable: CMAKE_MODULE_LINKER_FLAGS_MINSIZEREL
CMAKE_MODULE_LINKER_FLAGS_MINSIZEREL-ADVANCED:INTERNAL=1
//ADVANCED property for variable: CMAKE_MODULE_LINKER_FLAGS_RELEASE
CMAKE_MODULE_LINKER_FLAGS_RELEASE-ADVANCED:INTERNAL=1
//ADVANCED property for variable: CMAKE_MODULE_LINKER_FLAGS_RELWITHDEBINFO
CMAKE_MODULE_LINKER_FLAGS_RELWITHDEBINFO-ADVANCED:INTERNAL=1
//ADVANCED property for variable: CMAKE_NM
CMAKE_NM-ADVANCED:INTERNAL=1
//number of local generators
CMAKE_NUMBER_OF_MAKEFILES:INTERNAL=22
//ADVANCED property for variable: CMAKE_OBJCOPY
CMAKE_OBJCOPY-ADVANCED:INTERNAL=1
//ADVANCED property for variable: CMAKE_OBJDUMP
CMAKE_OBJDUMP-ADVANCED:INTERNAL=1
//Platform information initialized
CMAKE_PLATFORM_INFO_INITIALIZED:INTERNAL=1
//ADVANCED property for variable: CMAKE_RANLIB
CMAKE_RANLIB-ADVANCED:INTERNAL=1
//ADVANCED property for variable: CMAKE_READELF
CMAKE_READELF-ADVANCED:INTERNAL=1
//Path to CMake installation.
CMAKE_ROOT:INTERNAL=/usr/local/lib/python3.10/dist-packages/cmake/data/share/cmake-3.30
//ADVANCED property for variable: CMAKE_SHARED_LINKER_FLAGS
CMAKE_SHARED_LINKER_FLAGS-ADVANCED:INTERNAL=1
//ADVANCED property for variable: CMAKE_SHARED_LINKER_FLAGS_DEBUG
CMAKE_SHARED_LINKER_FLAGS_DEBUG-ADVANCED:INTERNAL=1
//ADVANCED property for variable: CMAKE_SHARED_LINKER_FLAGS_MINSIZEREL
CMAKE_SHARED_LINKER_FLAGS_MINSIZEREL-ADVANCED:INTERNAL=1
//ADVANCED property for variable: CMAKE_SHARED_LINKER_FLAGS_RELEASE
CMAKE_SHARED_LINKER_FLAGS_RELEASE-ADVANCED:INTERNAL=1
//ADVANCED property for variable: CMAKE_SHARED_LINKER_FLAGS_RELWITHDEBINFO
CMAKE_SHARED_LINKER_FLAGS_RELWITHDEBINFO-ADVANCED:INTERNAL=1
//ADVANCED property for variable: CMAKE_SKIP_INSTALL_RPATH
CMAKE_SKIP_INSTALL_RPATH-ADVANCED:INTERNAL=1
//ADVANCED property for variable: CMAKE_SKIP_RPATH
CMAKE_SKIP_RPATH-ADVANCED:INTERNAL=1
//ADVANCED property for variable: CMAKE_STATIC_LINKER_FLAGS
CMAKE_STATIC_LINKER_FLAGS-ADVANCED:INTERNAL=1
//ADVANCED property for variable: CMAKE_STATIC_LINKER_FLAGS_DEBUG
CMAKE_STATIC_LINKER_FLAGS_DEBUG-ADVANCED:INTERNAL=1
//ADVANCED property for variable: CMAKE_STATIC_LINKER_FLAGS_MINSIZEREL
CMAKE_STATIC_LINKER_FLAGS_MINSIZEREL-ADVANCED:INTERNAL=1
//ADVANCED property for variable: CMAKE_STATIC_LINKER_FLAGS_RELEASE
CMAKE_STATIC_LINKER_FLAGS_RELEASE-ADVANCED:INTERNAL=1
//ADVANCED property for variable: CMAKE_STATIC_LINKER_FLAGS_RELWITHDEBINFO
CMAKE_STATIC_LINKER_FLAGS_RELWITHDEBINFO-ADVANCED:INTERNAL=1
//ADVANCED property for variable: CMAKE_STRIP
CMAKE_STRIP-ADVANCED:INTERNAL=1
//ADVANCED property for variable: CMAKE_TAPI
CMAKE_TAPI-ADVANCED:INTERNAL=1
//uname command
CMAKE_UNAME:INTERNAL=/usr/bin/uname
//ADVANCED property for variable: CMAKE_VERBOSE_MAKEFILE
CMAKE_VERBOSE_MAKEFILE-ADVANCED:INTERNAL=1
//Details about finding Boost
FIND_PACKAGE_MESSAGE_DETAILS_Boost:INTERNAL=[/content/Marabou/tools/boost-1.84.0/installed/lib/cmake/Boost-1.84.0/BoostConfig.cmake][cfound components: program_options timer chrono thread ][v1.84.0(1.84.0)]
//Details about finding CxxTest
FIND_PACKAGE_MESSAGE_DETAILS_CxxTest:INTERNAL=[/content/Marabou/tools/cxxtest][/content/Marabou/tools/cxxtest/cxxtestgen.pl][v()]
//Details about finding PYTHON
FIND_PACKAGE_MESSAGE_DETAILS_PYTHON:INTERNAL=/usr/bin/python33.10.12
//Details about finding PythonInterp
FIND_PACKAGE_MESSAGE_DETAILS_PythonInterp:INTERNAL=[/usr/bin/python3][v3.10.12(3.6)]
//Details about finding Threads
FIND_PACKAGE_MESSAGE_DETAILS_Threads:INTERNAL=[TRUE][v()]
//Test HAS_FLTO
HAS_FLTO:INTERNAL=1
//ADVANCED property for variable: PERL_EXECUTABLE
PERL_EXECUTABLE-ADVANCED:INTERNAL=1
PYBIND11_INCLUDE_DIR:INTERNAL=/content/Marabou/tools/pybind11-2.10.4/include
//ADVANCED property for variable: PYTHON_EXECUTABLE
PYTHON_EXECUTABLE-ADVANCED:INTERNAL=1
PYTHON_INCLUDE_DIRS:INTERNAL=/usr/include/python3.10
PYTHON_IS_DEBUG:INTERNAL=0
PYTHON_LIBRARIES:INTERNAL=/usr/lib/x86_64-linux-gnu/libpython3.10.so
//ADVANCED property for variable: PYTHON_LIBRARY
PYTHON_LIBRARY-ADVANCED:INTERNAL=1
PYTHON_MODULE_EXTENSION:INTERNAL=.cpython-310-x86_64-linux-gnu.so
PYTHON_MODULE_PREFIX:INTERNAL=
PYTHON_VERSION:INTERNAL=3.10.12
PYTHON_VERSION_MAJOR:INTERNAL=3
PYTHON_VERSION_MINOR:INTERNAL=10
//ADVANCED property for variable: ProcessorCount_cmd_nproc
ProcessorCount_cmd_nproc-ADVANCED:INTERNAL=1
//ADVANCED property for variable: ProcessorCount_cmd_sysctl
ProcessorCount_cmd_sysctl-ADVANCED:INTERNAL=1
Python_ADDITIONAL_VERSIONS:INTERNAL=3.11;3.10;3.9;3.8;3.7;3.6
//Last used BOOST_ROOT value.
_BOOST_ROOT_LAST:INTERNAL=/content/Marabou/tools/boost-1.84.0/installed
//Components requested for this build tree.
_Boost_COMPONENTS_SEARCHED:INTERNAL=atomic;chrono;date_time;program_options;thread;timer
//Last used Boost_INCLUDE_DIR value.
_Boost_INCLUDE_DIR_LAST:INTERNAL=/usr/include
//Last used Boost_LIBRARY_DIR_DEBUG value.
_Boost_LIBRARY_DIR_DEBUG_LAST:INTERNAL=/usr/lib/x86_64-linux-gnu
//Last used Boost_LIBRARY_DIR_RELEASE value.
_Boost_LIBRARY_DIR_RELEASE_LAST:INTERNAL=/usr/lib/x86_64-linux-gnu
//Last used Boost_NAMESPACE value.
_Boost_NAMESPACE_LAST:INTERNAL=boost
//Last used Boost_USE_MULTITHREADED value.
_Boost_USE_MULTITHREADED_LAST:INTERNAL=TRUE
//linker supports push/pop state
_CMAKE_LINKER_PUSHPOP_STATE_SUPPORTED:INTERNAL=TRUE
//CMAKE_INSTALL_PREFIX during last run
_GNUInstallDirs_LAST_CMAKE_INSTALL_PREFIX:INTERNAL=/usr/local
_Python:INTERNAL=PYTHON
//Compiler reason failure
_Python_Compiler_REASON_FAILURE:INTERNAL=
//Development reason failure
_Python_Development_REASON_FAILURE:INTERNAL=
_Python_EXECUTABLE:INTERNAL=/usr/local/bin/python
//Python Properties
_Python_INTERPRETER_PROPERTIES:INTERNAL=Python;3;10;12;64;32;<none>;cpython-310-x86_64-linux-gnu;abi3;/usr/lib/python3.10;/usr/lib/python3.10;/usr/local/lib/python3.10/dist-packages;/usr/local/lib/python3.10/dist-packages
_Python_INTERPRETER_SIGNATURE:INTERNAL=2cae0f3eb99e403db1f2b027636555d4
//NumPy reason failure
_Python_NumPy_REASON_FAILURE:INTERNAL=
//ADVANCED property for variable: boost_chrono_DIR
boost_chrono_DIR-ADVANCED:INTERNAL=1
//ADVANCED property for variable: boost_headers_DIR
boost_headers_DIR-ADVANCED:INTERNAL=1
//ADVANCED property for variable: boost_program_options_DIR
boost_program_options_DIR-ADVANCED:INTERNAL=1
//ADVANCED property for variable: boost_thread_DIR
boost_thread_DIR-ADVANCED:INTERNAL=1
//ADVANCED property for variable: boost_timer_DIR
boost_timer_DIR-ADVANCED:INTERNAL=1
//True if pybind11 and all required components found on the system
pybind11_FOUND:INTERNAL=TRUE
//Directory where pybind11 headers are located
pybind11_INCLUDE_DIR:INTERNAL=/content/Marabou/tools/pybind11-2.10.4/include
//Directories where pybind11 and possibly Python headers are located
pybind11_INCLUDE_DIRS:INTERNAL=/content/Marabou/tools/pybind11-2.10.4/include;/usr/include/python3.10

